<?xml version="1.0" encoding="UTF-8"?>
<testsuite xmlns:xsi="http://www.w3.org/2001/XMLSchema-instance" xsi:schemaLocation="https://maven.apache.org/surefire/maven-surefire-plugin/xsd/surefire-test-report.xsd" name="TestSuite" time="978.877" tests="26" errors="0" skipped="0" failures="0">
  <properties>
    <property name="java.runtime.name" value="Java(TM) SE Runtime Environment"/>
    <property name="sun.boot.library.path" value="C:\Program Files\Java\jdk1.7.0_67\jre\bin"/>
    <property name="java.vm.version" value="24.65-b04"/>
    <property name="java.vm.vendor" value="Oracle Corporation"/>
    <property name="maven.multiModuleProjectDirectory" value="C:\WORKSPACE"/>
    <property name="java.vendor.url" value="http://java.oracle.com/"/>
    <property name="path.separator" value=";"/>
    <property name="guice.disable.misplaced.annotation.check" value="true"/>
    <property name="java.vm.name" value="Java HotSpot(TM) 64-Bit Server VM"/>
    <property name="file.encoding.pkg" value="sun.io"/>
    <property name="user.script" value=""/>
    <property name="user.country" value="MY"/>
    <property name="sun.java.launcher" value="SUN_STANDARD"/>
    <property name="sun.os.patch.level" value="Service Pack 1"/>
    <property name="java.vm.specification.name" value="Java Virtual Machine Specification"/>
    <property name="user.dir" value="C:\WORKSPACE"/>
    <property name="java.runtime.version" value="1.7.0_67-b01"/>
    <property name="java.awt.graphicsenv" value="sun.awt.Win32GraphicsEnvironment"/>
    <property name="java.endorsed.dirs" value="C:\Program Files\Java\jdk1.7.0_67\jre\lib\endorsed"/>
    <property name="os.arch" value="amd64"/>
    <property name="java.io.tmpdir" value="C:\Users\QA1\AppData\Local\Temp\"/>
    <property name="line.separator" value="&#10;"/>
    <property name="java.vm.specification.vendor" value="Oracle Corporation"/>
    <property name="user.variant" value=""/>
    <property name="os.name" value="Windows 7"/>
    <property name="classworlds.conf" value="C:\Maven\apache-maven-3.3.9\bin\m2.conf"/>
    <property name="sun.jnu.encoding" value="Cp1252"/>
    <property name="java.library.path" value="C:\Program Files\Java\jdk1.7.0_67\bin;C:\Windows\Sun\Java\bin;C:\Windows\system32;C:\Windows;C:\Program Files (x86)\Intel\iCLS Client\;C:\Program Files\Intel\iCLS Client\;C:\Windows\system32;C:\Windows;C:\Windows\System32\Wbem;C:\Windows\System32\WindowsPowerShell\v1.0\;C:\Program Files (x86)\Intel\Intel(R) Management Engine Components\DAL;C:\Program Files\Intel\Intel(R) Management Engine Components\DAL;C:\Program Files (x86)\Intel\Intel(R) Management Engine Components\IPT;C:\Program Files\Intel\Intel(R) Management Engine Components\IPT;C:\Program Files (x86)\Skype\Phone\;C:\Maven\apache-maven-3.3.9\bin;."/>
    <property name="java.specification.name" value="Java Platform API Specification"/>
    <property name="java.class.version" value="51.0"/>
    <property name="sun.management.compiler" value="HotSpot 64-Bit Tiered Compilers"/>
    <property name="os.version" value="6.1"/>
    <property name="user.home" value="C:\Users\QA1"/>
    <property name="user.timezone" value="Asia/Singapore"/>
    <property name="java.awt.printerjob" value="sun.awt.windows.WPrinterJob"/>
    <property name="java.specification.version" value="1.7"/>
    <property name="file.encoding" value="Cp1252"/>
    <property name="user.name" value="QA1"/>
    <property name="java.class.path" value="C:\Maven\apache-maven-3.3.9\boot\plexus-classworlds-2.5.2.jar"/>
    <property name="java.vm.specification.version" value="1.7"/>
    <property name="sun.arch.data.model" value="64"/>
    <property name="java.home" value="C:\Program Files\Java\jdk1.7.0_67\jre"/>
    <property name="sun.java.command" value="org.codehaus.plexus.classworlds.launcher.Launcher -f C:\WORKSPACE\FWCMSeVDR\pom.xml clean install -U"/>
    <property name="java.specification.vendor" value="Oracle Corporation"/>
    <property name="user.language" value="en"/>
    <property name="awt.toolkit" value="sun.awt.windows.WToolkit"/>
    <property name="java.vm.info" value="mixed mode"/>
    <property name="java.version" value="1.7.0_67"/>
    <property name="java.ext.dirs" value="C:\Program Files\Java\jdk1.7.0_67\jre\lib\ext;C:\Windows\Sun\Java\lib\ext"/>
    <property name="sun.boot.class.path" value="C:\Program Files\Java\jdk1.7.0_67\jre\lib\resources.jar;C:\Program Files\Java\jdk1.7.0_67\jre\lib\rt.jar;C:\Program Files\Java\jdk1.7.0_67\jre\lib\sunrsasign.jar;C:\Program Files\Java\jdk1.7.0_67\jre\lib\jsse.jar;C:\Program Files\Java\jdk1.7.0_67\jre\lib\jce.jar;C:\Program Files\Java\jdk1.7.0_67\jre\lib\charsets.jar;C:\Program Files\Java\jdk1.7.0_67\jre\lib\jfr.jar;C:\Program Files\Java\jdk1.7.0_67\jre\classes"/>
    <property name="java.vendor" value="Oracle Corporation"/>
    <property name="maven.home" value="C:\Maven\apache-maven-3.3.9"/>
    <property name="file.separator" value="\"/>
    <property name="java.vendor.url.bug" value="http://bugreport.sun.com/bugreport/"/>
    <property name="sun.cpu.endian" value="little"/>
    <property name="sun.io.unicode.encoding" value="UnicodeLittle"/>
    <property name="sun.desktop" value="windows"/>
    <property name="sun.cpu.isalist" value="amd64"/>
  </properties>
  <testcase name="testVDRFlowForAllCountry" classname="org.fwcms.cdc.vdr.VDRAllCountrySubmissionTest" time="59.801"/>
  <testcase name="testVDRFlow" classname="org.fwcms.cdc.vdr.VDRManualEntryHappyFlowTest" time="45.863"/>
  <testcase name="fetchApplicationIDUsingPassportNumberAndAbortItTest" classname="org.fwcms.cdc.vdr.FetchApplicationIDUsingPassportNumberAndAbortIt" time="0.018"/>
  <testcase name="fetchApplicationIDUsingPassportNumberAndAbortItTest" classname="org.fwcms.cdc.vdr.FetchApplicationIDUsingPassportNumberAndAbortIt" time="0.019"/>
  <testcase name="fetchApplicationIDUsingPassportNumberAndAbortItTest" classname="org.fwcms.cdc.vdr.FetchApplicationIDUsingPassportNumberAndAbortIt" time="0.023"/>
  <testcase name="fetchApplicationIDUsingPassportNumberAndAbortItTest" classname="org.fwcms.cdc.vdr.FetchApplicationIDUsingPassportNumberAndAbortIt" time="0.018"/>
  <testcase name="fetchApplicationIDUsingPassportNumberAndAbortItTest" classname="org.fwcms.cdc.vdr.FetchApplicationIDUsingPassportNumberAndAbortIt" time="0.021"/>
  <testcase name="testAbortFunctionalityWorkerSelectionPage" classname="org.fwcms.cdc.vdr.VDRAbortFunctionalityTest" time="29.462"/>
  <testcase name="testAbortFunctionalityWorkerPointOfEntryPage" classname="org.fwcms.cdc.vdr.VDRAbortFunctionalityTest" time="28.046"/>
  <testcase name="testAbortFunctionalitySubmitVDRPage" classname="org.fwcms.cdc.vdr.VDRAbortFunctionalityTest" time="32.276"/>
  <testcase name="testAbortFunctionalityPurchaseInsurancePage" classname="org.fwcms.cdc.vdr.VDRAbortFunctionalityTest" time="42.94"/>
  <testcase name="verifyClearListFunctionalityInWorkerSelection" classname="org.fwcms.cdc.vdr.VDRClearListFunctionalityTest" time="46.754"/>
  <testcase name="testLandingPageOfAddMoreWorkersLink" classname="org.fwcms.cdc.vdr.VerifyLandingPageOfAddMoreWorkersLinkTest" time="27.091"/>
  <testcase name="verifyDeleteWorkersFunctionality" classname="org.fwcms.cdc.vdr.VDRDeleteWorkersFunctionalityTest" time="34.477"/>
  <testcase name="testEditSourceCountryEmbassy" classname="org.fwcms.cdc.vdr.VDREditSourceCountryEmbassyFunctionalityTest" time="24.597"/>
  <testcase name="testPreviousButtonFunctionality" classname="org.fwcms.cdc.vdr.VDRPreviousButtonFunctionalityTest" time="55.896"/>
  <testcase name="testAccessToPrevioulsySavedApplication" classname="org.fwcms.cdc.vdr.VerifyAccessToPreviouslySavedApplicationTest" time="26.478"/>
  <testcase name="verifyVDRPageElements" classname="org.fwcms.cdc.vdr.VerifyElementsPresentInVDRPagesTest" time="45.615"/>
  <testcase name="testVDRVerificationsAndValidations" classname="org.fwcms.cdc.vdr.VDRVerificationAndValidationTest" time="76.644"/>
  <testcase name="testCSVUploadOfMoreThan100Workers" classname="org.fwcms.cdc.vdr.VerifyCSVUploadOfMoreThan100WorkersTest" time="24.707"/>
  <testcase name="testCSVUploadWorkersVerification" classname="org.fwcms.cdc.vdr.VerifyInvalidDataCSVUploadTest" time="23.202"/>
  <testcase name="testCSVUploadWorkersVerification" classname="org.fwcms.cdc.vdr.VerifyCSVUploadWorkersVerificationTest" time="48.705"/>
  <testcase name="testQuotaLimitExceededError" classname="org.fwcms.cdc.vdr.VerifyQuotaExceededTest" time="33.778"/>
  <testcase name="vdrWorkerDetailsErrorMessageValidationTest" classname="org.fwcms.cdc.vdr.VDRWorkerDetailsErrorMessageValidationTest" time="48.161"/>
  <testcase name="testSearchVDRFlow" classname="org.fwcms.cdc.vdr.SearchVDRTest" time="16.672"/>
  <testcase name="testSearchVDRByStatusFlow" classname="org.fwcms.cdc.vdr.VDRApplicationStatusTest" time="31.951"/>
</testsuite>