<?xml version="1.0" encoding="UTF-8"?>
<!-- Generated by org.testng.reporters.JUnitReportReporter -->
<testsuite hostname="QA1-PC" name="org.fwcms.cdc.vdr.VDRAllCountrySubmissionTest" tests="1" failures="0" timestamp="23 May 2017 08:41:14 GMT" time="83.306" errors="0">
  <testcase name="testVDRFlowForAllCountry" time="83.306" classname="org.fwcms.cdc.vdr.VDRAllCountrySubmissionTest"/>
</testsuite> <!-- org.fwcms.cdc.vdr.VDRAllCountrySubmissionTest -->
