<?xml version="1.0" encoding="UTF-8"?>
<!-- Generated by org.testng.reporters.JUnitReportReporter -->
<testsuite hostname="QA1-PC" name="org.fwcms.cdc.vdr.VDRManualEntryHappyFlowTest" tests="1" failures="0" timestamp="24 May 2017 09:10:23 GMT" time="64.762" errors="0">
  <testcase name="testVDRFlow" time="64.762" classname="org.fwcms.cdc.vdr.VDRManualEntryHappyFlowTest"/>
</testsuite> <!-- org.fwcms.cdc.vdr.VDRManualEntryHappyFlowTest -->
