<?xml version="1.0" encoding="UTF-8"?>
<!-- Generated by org.testng.reporters.JUnitReportReporter -->
<testsuite hostname="QA1-PC" name="org.fwcms.cdc.vdr.VDRVerificationAndValidationTest" tests="1" failures="0" timestamp="18 Jan 2017 05:12:37 GMT" time="85.519" errors="0">
  <testcase name="testVDRVerificationsAndValidations" time="85.519" classname="org.fwcms.cdc.vdr.VDRVerificationAndValidationTest"/>
</testsuite> <!-- org.fwcms.cdc.vdr.VDRVerificationAndValidationTest -->
