<?xml version="1.0" encoding="UTF-8"?>
<testsuite xmlns:xsi="http://www.w3.org/2001/XMLSchema-instance" xsi:schemaLocation="https://maven.apache.org/surefire/maven-surefire-plugin/xsd/surefire-test-report.xsd" name="TestSuite" time="181.063" tests="2" errors="0" skipped="0" failures="1">
  <properties>
    <property name="java.runtime.name" value="Java(TM) SE Runtime Environment"/>
    <property name="sun.boot.library.path" value="C:\Program Files\Java\jdk1.7.0_67\jre\bin"/>
    <property name="java.vm.version" value="24.65-b04"/>
    <property name="java.vm.vendor" value="Oracle Corporation"/>
    <property name="java.vendor.url" value="http://java.oracle.com/"/>
    <property name="path.separator" value=";"/>
    <property name="guice.disable.misplaced.annotation.check" value="true"/>
    <property name="java.vm.name" value="Java HotSpot(TM) 64-Bit Server VM"/>
    <property name="file.encoding.pkg" value="sun.io"/>
    <property name="user.script" value=""/>
    <property name="user.country" value="MY"/>
    <property name="sun.java.launcher" value="SUN_STANDARD"/>
    <property name="sun.os.patch.level" value="Service Pack 1"/>
    <property name="java.vm.specification.name" value="Java Virtual Machine Specification"/>
    <property name="user.dir" value="C:\WORKSPACE\eVDR_Labuan"/>
    <property name="java.runtime.version" value="1.7.0_67-b01"/>
    <property name="java.awt.graphicsenv" value="sun.awt.Win32GraphicsEnvironment"/>
    <property name="java.endorsed.dirs" value="C:\Program Files\Java\jdk1.7.0_67\jre\lib\endorsed"/>
    <property name="os.arch" value="amd64"/>
    <property name="java.io.tmpdir" value="C:\Users\QA1\AppData\Local\Temp\"/>
    <property name="line.separator" value="&#10;"/>
    <property name="java.vm.specification.vendor" value="Oracle Corporation"/>
    <property name="user.variant" value=""/>
    <property name="os.name" value="Windows 7"/>
    <property name="classworlds.conf" value="C:\WORKSPACE\.metadata\.plugins\org.eclipse.m2e.launching\launches\m2conf4037707405947705696.tmp"/>
    <property name="sun.jnu.encoding" value="Cp1252"/>
    <property name="java.library.path" value="C:\Program Files\Java\jdk1.7.0_67\bin;C:\Windows\Sun\Java\bin;C:\Windows\system32;C:\Windows;C:\Program Files (x86)\Intel\iCLS Client\;C:\Program Files\Intel\iCLS Client\;C:\Windows\system32;C:\Windows;C:\Windows\System32\Wbem;C:\Windows\System32\WindowsPowerShell\v1.0\;C:\Program Files (x86)\Intel\Intel(R) Management Engine Components\DAL;C:\Program Files\Intel\Intel(R) Management Engine Components\DAL;C:\Program Files (x86)\Intel\Intel(R) Management Engine Components\IPT;C:\Program Files\Intel\Intel(R) Management Engine Components\IPT;C:\Maven\apache-maven-3.3.9\bin;C:\Program Files\Java\jdk1.7.0_67\bin;C:\Program Files\Java\jre7\bin;C:\Program Files (x86)\Skype\Phone\;C:\Program Files (x86)\DERMALOG\ComponentSystem\;c:\Program Files (x86)\Microsoft SQL Server\100\Tools\Binn\;c:\Program Files\Microsoft SQL Server\100\Tools\Binn\;c:\Program Files\Microsoft SQL Server\100\DTS\Binn\;c:\Program Files (x86)\Microsoft SQL Server\100\Tools\Binn\VSShell\Common7\IDE\;c:\Program Files (x86)\Microsoft SQL Server\100\DTS\Binn\;."/>
    <property name="java.specification.name" value="Java Platform API Specification"/>
    <property name="java.class.version" value="51.0"/>
    <property name="sun.management.compiler" value="HotSpot 64-Bit Tiered Compilers"/>
    <property name="os.version" value="6.1"/>
    <property name="user.home" value="C:\Users\QA1"/>
    <property name="user.timezone" value="Asia/Singapore"/>
    <property name="java.awt.printerjob" value="sun.awt.windows.WPrinterJob"/>
    <property name="java.specification.version" value="1.7"/>
    <property name="file.encoding" value="Cp1252"/>
    <property name="user.name" value="QA1"/>
    <property name="java.class.path" value="/C:/eclipse-jee-juno-SR1-win32-x86_64/eclipse/configuration/org.eclipse.osgi/bundles/905/1/.cp/jars/plexus-classworlds-2.4.jar"/>
    <property name="java.vm.specification.version" value="1.7"/>
    <property name="sun.arch.data.model" value="64"/>
    <property name="java.home" value="C:\Program Files\Java\jdk1.7.0_67\jre"/>
    <property name="sun.java.command" value="org.codehaus.plexus.classworlds.launcher.Launcher -B install"/>
    <property name="java.specification.vendor" value="Oracle Corporation"/>
    <property name="user.language" value="en"/>
    <property name="awt.toolkit" value="sun.awt.windows.WToolkit"/>
    <property name="java.vm.info" value="mixed mode"/>
    <property name="java.version" value="1.7.0_67"/>
    <property name="java.ext.dirs" value="C:\Program Files\Java\jdk1.7.0_67\jre\lib\ext;C:\Windows\Sun\Java\lib\ext"/>
    <property name="sun.boot.class.path" value="C:\Program Files\Java\jdk1.7.0_67\jre\lib\resources.jar;C:\Program Files\Java\jdk1.7.0_67\jre\lib\rt.jar;C:\Program Files\Java\jdk1.7.0_67\jre\lib\sunrsasign.jar;C:\Program Files\Java\jdk1.7.0_67\jre\lib\jsse.jar;C:\Program Files\Java\jdk1.7.0_67\jre\lib\jce.jar;C:\Program Files\Java\jdk1.7.0_67\jre\lib\charsets.jar;C:\Program Files\Java\jdk1.7.0_67\jre\lib\jfr.jar;C:\Program Files\Java\jdk1.7.0_67\jre\classes"/>
    <property name="java.vendor" value="Oracle Corporation"/>
    <property name="maven.home" value="C:\WORKSPACE\eVDR_Labuan\EMBEDDED"/>
    <property name="file.separator" value="\"/>
    <property name="java.vendor.url.bug" value="http://bugreport.sun.com/bugreport/"/>
    <property name="maven.bootclasspath" value="/C:/eclipse-jee-juno-SR1-win32-x86_64/eclipse/configuration/org.eclipse.osgi/bundles/905/1/.cp/jars/plexus-classworlds-2.4.jar"/>
    <property name="sun.cpu.endian" value="little"/>
    <property name="sun.io.unicode.encoding" value="UnicodeLittle"/>
    <property name="sun.desktop" value="windows"/>
    <property name="sun.cpu.isalist" value="amd64"/>
  </properties>
  <testcase name="testVDRFlow" classname="org.fwcms.cdc.vdr.VDRManualEntryHappyFlowTest" time="103.632">
    <failure message="Element not found in the cache - perhaps the page has changed since it was looked up&#10;Command duration or timeout: 60.82 seconds&#10;For documentation on this error, please visit: http://seleniumhq.org/exceptions/stale_element_reference.html&#10;Build info: version: &apos;2.52.0&apos;, revision: &apos;4c2593cfc3689a7fcd7be52549167e5ccc93ad28&apos;, time: &apos;2016-02-11 11:22:43&apos;&#10;System info: host: &apos;QA1-PC&apos;, ip: &apos;10.0.1.50&apos;, os.name: &apos;Windows 7&apos;, os.arch: &apos;amd64&apos;, os.version: &apos;6.1&apos;, java.version: &apos;1.7.0_67&apos;&#10;Session ID: 7e26d4ab-aef1-40d6-8119-b6050bc59a8b&#10;Driver info: org.openqa.selenium.firefox.FirefoxDriver&#10;Capabilities [{platform=WINDOWS, acceptSslCerts=true, javascriptEnabled=true, cssSelectorsEnabled=true, databaseEnabled=true, browserName=firefox, handlesAlerts=true, nativeEvents=false, webStorageEnabled=true, rotatable=false, locationContextEnabled=true, applicationCacheEnabled=true, takesScreenshot=true, version=46.0}]" type="org.openqa.selenium.StaleElementReferenceException">org.openqa.selenium.StaleElementReferenceException: 
Element not found in the cache - perhaps the page has changed since it was looked up
Command duration or timeout: 60.82 seconds
For documentation on this error, please visit: http://seleniumhq.org/exceptions/stale_element_reference.html
Build info: version: '2.52.0', revision: '4c2593cfc3689a7fcd7be52549167e5ccc93ad28', time: '2016-02-11 11:22:43'
System info: host: 'QA1-PC', ip: '10.0.1.50', os.name: 'Windows 7', os.arch: 'amd64', os.version: '6.1', java.version: '1.7.0_67'
Session ID: 7e26d4ab-aef1-40d6-8119-b6050bc59a8b
Driver info: org.openqa.selenium.firefox.FirefoxDriver
Capabilities [{platform=WINDOWS, acceptSslCerts=true, javascriptEnabled=true, cssSelectorsEnabled=true, databaseEnabled=true, browserName=firefox, handlesAlerts=true, nativeEvents=false, webStorageEnabled=true, rotatable=false, locationContextEnabled=true, applicationCacheEnabled=true, takesScreenshot=true, version=46.0}]
	at org.fwcms.cdc.vdr.VDRManualEntryHappyFlowTest.testVDRFlow(VDRManualEntryHappyFlowTest.java:102)
Caused by: org.openqa.selenium.StaleElementReferenceException: 
Element not found in the cache - perhaps the page has changed since it was looked up
For documentation on this error, please visit: http://seleniumhq.org/exceptions/stale_element_reference.html
Build info: version: '2.52.0', revision: '4c2593cfc3689a7fcd7be52549167e5ccc93ad28', time: '2016-02-11 11:22:43'
System info: host: 'QA1-PC', ip: '10.0.1.50', os.name: 'Windows 7', os.arch: 'amd64', os.version: '6.1', java.version: '1.7.0_67'
Driver info: driver.version: unknown
</failure>
    <system-out><![CDATA[06-06-2017 10:51:37,561 [main] INFO [olo.util.PropertyReader]  - Loading /config/config.properties
06-06-2017 10:51:37,566 [main] INFO [olo.util.PropertyReader]  - Loading /config/mail.properties
06-06-2017 10:51:40,967 [main] INFO [olo.mailer.MailClient]  - Mail sent succesfully !!!
06-06-2017 10:51:40,968 [main] INFO [olo.listeners.MailSuiteListener]  - Mail sent on suite start 'vdrHappyFlow'
06-06-2017 10:51:50,088 [main] INFO [olo.initiator.DriverConfiguration]  - Setting pageLoadTimeout to 60 seconds
06-06-2017 10:51:50,215 [main] INFO [olo.initiator.DriverConfiguration]  - Setting implicitlyWait to 60 seconds
06-06-2017 10:51:50,773 [main] INFO [olo.initiator.DriverConfiguration]  - Trying to maximize and focus the window
06-06-2017 10:51:50,808 [main] INFO [olo.initiator.DriverConfiguration]  - setting up browser preferences completed
06-06-2017 10:51:50,808 [main] INFO [olo.initiator.InitiatorUtil]  - Trying to open url https://fw9.fwcms.com.my/cdc
06-06-2017 10:51:52,544 [main] INFO [olo.initiator.InitiatorUtil]  - current url is https://fwsso9.fwcms.com.my/login?service=https%3a%2f%2ffw9.fwcms.com.my%2fcdc%2f
06-06-2017 10:51:52,545 [main] INFO [olo.listeners.InvokedMethodListener]  - Test execution started : testVDRFlow
06-06-2017 10:51:52,799 [main] INFO [fwcms.util.EmployerCredentialsProp]  - Loading credentials.properties
06-06-2017 10:51:52,802 [main] INFO [pages.cdc.LoginPage]  - typing username 'donema'
06-06-2017 10:51:52,906 [main] INFO [pages.cdc.LoginPage]  - typing password 'P@ssw0rd'
06-06-2017 10:51:52,950 [main] INFO [pages.cdc.LoginPage]  - clicking login button
06-06-2017 10:51:54,058 [main] INFO [cdc.vdr.HomePage]  - clicking new vdr link in sticky actions
06-06-2017 10:51:56,032 [main] INFO [cdc.vdr.HomePage]  - clicking sticky actions
06-06-2017 10:52:04,622 [main] INFO [fwcms.pages.CommonElements]  - waiting for loading message to disappear
06-06-2017 10:52:04,642 [main] INFO [cdc.vdr.VdrDetailsPage]  - searching kdn by kdnNumber
06-06-2017 10:52:06,985 [main] INFO [cdc.vdr.WorkerSelectionPage]  - entering agent id and verifying agent details popup
06-06-2017 10:52:07,961 [main] INFO [cdc.vdr.WorkerSelectionPage]  - Waiting for the auto suggest values to appear
06-06-2017 10:52:10,457 [main] INFO [cdc.vdr.WorkerSelectionPage]  - select Enter Workers Details Manually RadioButton
06-06-2017 10:52:10,500 [main] INFO [cdc.vdr.WorkerSelectionPage]  - Click Add Workers LinkText
06-06-2017 10:52:10,732 [main] INFO [cdc.vdr.WorkerSelectionPage]  - Enter passport number MMR051185
06-06-2017 10:52:10,936 [main] INFO [cdc.vdr.WorkerSelectionPage]  - Click Search Button 
06-06-2017 10:52:11,010 [main] INFO [cdc.vdr.WorkerSelectionPage]  - Selecting Worker Check box
06-06-2017 10:52:11,625 [main] INFO [cdc.vdr.WorkerSelectionPage]  - Clicking Save Button
06-06-2017 10:52:11,728 [main] INFO [cdc.vdr.WorkerSelectionPage]  - Entering Source Country Embassy
06-06-2017 10:52:12,914 [main] INFO [cdc.vdr.WorkerSelectionPage]  - Clicking OK Button
06-06-2017 10:52:13,016 [main] INFO [prop.cdc.vdrApplicationPageProp]  - Loading vdrApplicationPage.properties
06-06-2017 10:52:13,019 [main] INFO [fwcms.pages.CommonElements]  - waiting for status bar to be visible
06-06-2017 10:52:13,561 [main] INFO [fwcms.pages.CommonElements]  - verifying expected text :'Successfully saved the selected foreign Worker(s) list.' in status bar
06-06-2017 10:52:13,581 [main] INFO [olo.bot.BrowserBot]  - Comparing elementText : 'Successfully saved the selected foreign Worker(s) list.' equals to expectedText : 'Successfully saved the selected foreign Worker(s) list.' in element [[FirefoxDriver: firefox on WINDOWS (7e26d4ab-aef1-40d6-8119-b6050bc59a8b)] -> css selector: div[class^='statusBar']]
06-06-2017 10:52:13,581 [main] INFO [fwcms.pages.CommonElements]  - closing status bar
06-06-2017 10:52:13,646 [main] INFO [fwcms.pages.CommonElements]  - sleeping for 1 sec
06-06-2017 10:52:14,646 [main] INFO [fwcms.pages.CommonElements]  - waiting for loading message to disappear
06-06-2017 10:52:14,674 [main] INFO [cdc.vdr.WorkerSelectionPage]  - Clicking CONTINUE Button
06-06-2017 10:52:15,364 [main] INFO [cdc.vdr.WorkerPointOfEntryPage]  - typing Worker Point of Entry
06-06-2017 10:52:16,651 [main] INFO [cdc.vdr.WorkerPointOfEntryPage]  - Clicking Save Button
06-06-2017 10:52:16,861 [main] INFO [fwcms.pages.CommonElements]  - waiting for status bar to be visible
06-06-2017 10:52:17,425 [main] INFO [fwcms.pages.CommonElements]  - verifying expected text :'Successfully saved the selected foreign Worker(s) list.' in status bar
06-06-2017 10:52:17,445 [main] INFO [olo.bot.BrowserBot]  - Comparing elementText : 'Successfully saved the selected foreign Worker(s) list.' equals to expectedText : 'Successfully saved the selected foreign Worker(s) list.' in element [[FirefoxDriver: firefox on WINDOWS (7e26d4ab-aef1-40d6-8119-b6050bc59a8b)] -> css selector: div[class^='statusBar']]
06-06-2017 10:52:17,445 [main] INFO [fwcms.pages.CommonElements]  - closing status bar
06-06-2017 10:52:17,520 [main] INFO [fwcms.pages.CommonElements]  - sleeping for 1 sec
06-06-2017 10:52:18,520 [main] INFO [fwcms.pages.CommonElements]  - waiting for loading message to disappear
06-06-2017 10:52:18,568 [main] INFO [cdc.vdr.WorkerPointOfEntryPage]  - Clicking CONTINUE Button
06-06-2017 10:52:19,257 [main] INFO [cdc.vdr.SubmitVDRPage]  - Select Declaration Check Box
06-06-2017 10:52:19,339 [main] INFO [cdc.vdr.SubmitVDRPage]  - Verifying Nationality
06-06-2017 10:52:19,380 [main] INFO [cdc.vdr.SubmitVDRPage]  - Clicking Submit Button
06-06-2017 10:52:19,465 [main] INFO [cdc.vdr.SubmitVDRPage]  - verifying confirmation Pop up 
06-06-2017 10:52:19,596 [main] INFO [olo.bot.BrowserBot]  - Comparing elementText : 'Please ensure that you have added as many Worker(s) needed.' equals to expectedText : 'Please ensure that you have added as many Worker(s) needed.' in element [[FirefoxDriver: firefox on WINDOWS (7e26d4ab-aef1-40d6-8119-b6050bc59a8b)] -> css selector: span.confirm_alert>strong]
06-06-2017 10:52:19,614 [main] INFO [olo.bot.BrowserBot]  - Comparing elementText : 'Once submitted you will not be able to add any more Worker(s) in this VDR application.Click 'Yes' to proceed further or 'No' to cancel.' equals to expectedText : 'Once submitted you will not be able to add any more Worker(s) in this VDR application.Click 'Yes' to proceed further or 'No' to cancel.' in element [[FirefoxDriver: firefox on WINDOWS (7e26d4ab-aef1-40d6-8119-b6050bc59a8b)] -> css selector: p.msg_descr]
06-06-2017 10:52:19,706 [main] INFO [fwcms.pages.CommonElements]  - waiting for status bar to be visible
06-06-2017 10:52:20,240 [main] INFO [fwcms.pages.CommonElements]  - verifying expected text :'You are just step away from submitting the VDR Application!

Please enter the OTP sent to your registered mobile number/email address to complete the process.' in status bar
06-06-2017 10:52:20,258 [main] INFO [olo.bot.BrowserBot]  - Comparing elementText : 'You are just step away from submitting the VDR Application!

Please enter the OTP sent to your registered mobile number/email address to complete the process.' equals to expectedText : 'You are just step away from submitting the VDR Application!

Please enter the OTP sent to your registered mobile number/email address to complete the process.' in element [[FirefoxDriver: firefox on WINDOWS (7e26d4ab-aef1-40d6-8119-b6050bc59a8b)] -> css selector: div[class^='statusBar']]
06-06-2017 10:52:20,258 [main] INFO [fwcms.pages.CommonElements]  - closing status bar
06-06-2017 10:52:20,322 [main] INFO [fwcms.pages.CommonElements]  - sleeping for 1 sec
06-06-2017 10:52:21,322 [main] INFO [fwcms.pages.CommonElements]  - waiting for loading message to disappear
06-06-2017 10:52:21,345 [main] INFO [fwcms.util.DatabaseProp]  - Loading database.properties
475587
06-06-2017 10:52:21,615 [main] INFO [cdc.vdr.SubmitVDRPage]  - Entering the OTP
06-06-2017 10:52:21,660 [main] INFO [cdc.vdr.SubmitVDRPage]  - Clicking OK in Confirm OTP Pop Up
06-06-2017 10:52:27,769 [main] INFO [fwcms.pages.CommonElements]  - waiting for loading message to disappear
06-06-2017 10:52:27,810 [main] INFO [cdc.vdr.PurchaseInsurancePage]  - Waiting for Generate Transaction ID button to be visible
06-06-2017 10:52:28,850 [main] INFO [cdc.vdr.PurchaseInsurancePage]  - Clicking on Generate Transaction ID button
06-06-2017 10:52:28,948 [main] INFO [fwcms.pages.CommonElements]  - waiting for loading message to disappear
06-06-2017 10:52:29,486 [main] INFO [cdc.vdr.PurchaseInsurancePage]  - Asserting the message in ITR Generation Confirmation Pop Up
06-06-2017 10:52:29,515 [main] INFO [olo.bot.BrowserBot]  - Comparing elementText : 'This VDR application will be expired on the earliest workers medical report expiry or 7 days from today whichever is earlier. Please purchase the insurance immediately or your VDR application will be deleted automatically upon expired.' equals to expectedText : 'This VDR application will be expired on the earliest workers medical report expiry or 7 days from today whichever is earlier. Please purchase the insurance immediately or your VDR application will be deleted automatically upon expired.' in element [[FirefoxDriver: firefox on WINDOWS (7e26d4ab-aef1-40d6-8119-b6050bc59a8b)] -> xpath: //div[@class='vdr_itr_generation_ack_popup popups']//span[@class='confirm_alert']/strong]
06-06-2017 10:52:29,613 [main] INFO [cdc.vdr.PurchaseInsurancePage]  - Waiting for Generate Transaction ID button to be visible
06-06-2017 10:52:30,648 [main] INFO [cdc.vdr.PurchaseInsurancePage]  - Clicking on Generate Transaction ID button
06-06-2017 10:52:30,712 [main] INFO [cdc.vdr.PurchaseInsurancePage]  - Waiting for I Understand button to be visible
06-06-2017 10:52:31,255 [main] INFO [cdc.vdr.PurchaseInsurancePage]  - Clicking on I Understand button
06-06-2017 10:52:31,319 [main] INFO [cdc.vdr.PurchaseInsurancePage]  - verifying the elements present in purchase insurance options pop up
06-06-2017 10:52:31,460 [main] INFO [cdc.vdr.PurchaseInsurancePage]  - Waiting for Generate Transaction ID button to be visible
06-06-2017 10:52:32,505 [main] INFO [cdc.vdr.PurchaseInsurancePage]  - Clicking on Generate Transaction ID button
06-06-2017 10:52:32,569 [main] INFO [cdc.vdr.PurchaseInsurancePage]  - Waiting for I Understand button to be visible
06-06-2017 10:52:33,110 [main] INFO [cdc.vdr.PurchaseInsurancePage]  - Clicking on I Understand button
06-06-2017 10:52:33,173 [main] INFO [cdc.vdr.PurchaseInsurancePage]  - selecting an insurance purchase option
06-06-2017 10:52:33,237 [main] INFO [cdc.vdr.PurchaseInsurancePage]  - clicking on proceed in purchase insurance options pop up
06-06-2017 10:52:33,302 [main] INFO [fwcms.pages.CommonElements]  - waiting for status bar to be visible
06-06-2017 10:52:33,825 [main] INFO [fwcms.pages.CommonElements]  - verifying expected text :'Insurance Transaction Reference have been successfully generated' in status bar
06-06-2017 10:52:33,842 [main] INFO [olo.bot.BrowserBot]  - Comparing elementText : 'Insurance Transaction Reference have been successfully generated' equals to expectedText : 'Insurance Transaction Reference have been successfully generated' in element [[FirefoxDriver: firefox on WINDOWS (7e26d4ab-aef1-40d6-8119-b6050bc59a8b)] -> css selector: div[class^='statusBar']]
06-06-2017 10:52:33,842 [main] INFO [fwcms.pages.CommonElements]  - closing status bar
06-06-2017 10:52:33,904 [main] INFO [fwcms.pages.CommonElements]  - sleeping for 1 sec
06-06-2017 10:52:34,904 [main] INFO [fwcms.pages.CommonElements]  - waiting for loading message to disappear
06-06-2017 10:52:34,938 [main] INFO [cdc.vdr.PurchaseInsurancePage]  - Waiting for Proceed button to be visible
06-06-2017 10:52:34,949 [main] INFO [cdc.vdr.PurchaseInsurancePage]  - Clicking on Proceed button
06-06-2017 10:52:35,039 [main] INFO [fwcms.pages.CommonElements]  - waiting for loading message to disappear
06-06-2017 10:53:36,161 [main] INFO [olo.listeners.InvokedMethodListener]  - Test execution completed : testVDRFlow
06-06-2017 10:53:36,168 [main] INFO [olo.listeners.InvokedMethodListener]  - Test status : testVDRFlow : FAIL
]]></system-out>
  </testcase>
  <testcase name="testVDRFlow" classname="org.fwcms.cdc.vdr.VDRManualEntryHappyFlowTest" time="46.626"/>
</testsuite>